[2024-08-17 19:26:18,412: INFO: main: Welcome to our customer log]
[2024-08-17 20:39:03,033: INFO: common: yaml file: config\config.yaml loaded successfully]
[2024-08-17 20:39:03,036: INFO: common: yaml file: params.yaml loaded successfully]
[2024-08-17 20:39:03,037: INFO: common: created directory at: artifacts]
[2024-08-17 20:39:03,038: INFO: common: created directory at: artifacts/data_ingestion]
[2024-08-17 20:39:03,038: INFO: 986331348: Downloading data from https://drive.google.com/file/d/1vlhZ5c7abUKF8xXERIw6m9Te8fW7ohw3/view?usp=sharing into file artifacts/data_ingestion/data.zip]
[2024-08-17 20:39:11,022: INFO: 986331348: Downloaded data from https://drive.google.com/file/d/1vlhZ5c7abUKF8xXERIw6m9Te8fW7ohw3/view?usp=sharing into file artifacts/data_ingestion/data.zip]
[2024-08-17 20:47:10,272: INFO: main: >>>>>> stage Data Ingestion stage started <<<<<<]
[2024-08-17 20:47:10,273: INFO: common: yaml file: config\config.yaml loaded successfully]
[2024-08-17 20:47:10,274: INFO: common: yaml file: params.yaml loaded successfully]
[2024-08-17 20:47:10,274: INFO: common: created directory at: artifacts]
[2024-08-17 20:47:10,274: INFO: common: created directory at: artifacts/data_ingestion]
[2024-08-17 20:47:10,274: INFO: data_ingestion: Downloading data from https://drive.google.com/file/d/1vlhZ5c7abUKF8xXERIw6m9Te8fW7ohw3/view?usp=sharing into file artifacts/data_ingestion/data.zip]
[2024-08-17 20:47:20,835: INFO: data_ingestion: Downloaded data from https://drive.google.com/file/d/1vlhZ5c7abUKF8xXERIw6m9Te8fW7ohw3/view?usp=sharing into file artifacts/data_ingestion/data.zip]
[2024-08-17 20:47:21,175: INFO: main: >>>>>> stage Data Ingestion stage completed <<<<<<

x==========x]
[2024-08-17 23:06:51,587: INFO: utils: Note: NumExpr detected 28 cores but "NUMEXPR_MAX_THREADS" not set, so enforcing safe limit of 8.]
[2024-08-17 23:06:51,587: INFO: utils: NumExpr defaulting to 8 threads.]
[2024-08-17 23:11:54,907: INFO: common: yaml file: config\config.yaml loaded successfully]
[2024-08-17 23:11:54,908: INFO: common: yaml file: params.yaml loaded successfully]
[2024-08-17 23:11:54,909: INFO: common: created directory at: artifacts]
[2024-08-17 23:11:54,909: INFO: common: created directory at: artifacts/prepare_base_model]
[2024-08-17 23:11:58,337: WARNING: saving_utils: Compiled the loaded model, but the compiled metrics have yet to be built. `model.compile_metrics` will be empty until you train or evaluate the model.]
[2024-08-17 23:19:58,869: INFO: utils: Note: NumExpr detected 28 cores but "NUMEXPR_MAX_THREADS" not set, so enforcing safe limit of 8.]
[2024-08-17 23:19:58,869: INFO: utils: NumExpr defaulting to 8 threads.]
[2024-08-17 23:19:59,158: INFO: main: >>>>>> stage Data Ingestion stage started <<<<<<]
[2024-08-17 23:19:59,159: INFO: common: yaml file: config\config.yaml loaded successfully]
[2024-08-17 23:19:59,160: INFO: common: yaml file: params.yaml loaded successfully]
[2024-08-17 23:19:59,161: INFO: common: created directory at: artifacts]
[2024-08-17 23:19:59,161: INFO: common: created directory at: artifacts/data_ingestion]
[2024-08-17 23:19:59,161: INFO: data_ingestion: Downloading data from https://drive.google.com/file/d/1vlhZ5c7abUKF8xXERIw6m9Te8fW7ohw3/view?usp=sharing into file artifacts/data_ingestion/data.zip]
[2024-08-17 23:20:06,393: INFO: data_ingestion: Downloaded data from https://drive.google.com/file/d/1vlhZ5c7abUKF8xXERIw6m9Te8fW7ohw3/view?usp=sharing into file artifacts/data_ingestion/data.zip]
[2024-08-17 23:20:06,743: INFO: main: >>>>>> stage Data Ingestion stage completed <<<<<<

x==========x]
[2024-08-17 23:20:06,743: INFO: main: *******************]
[2024-08-17 23:20:06,743: INFO: main: >>>>>> stage Prepare base model started <<<<<<]
[2024-08-17 23:20:06,743: INFO: common: yaml file: config\config.yaml loaded successfully]
[2024-08-17 23:20:06,744: INFO: common: yaml file: params.yaml loaded successfully]
[2024-08-17 23:20:06,744: INFO: common: created directory at: artifacts]
[2024-08-17 23:20:06,744: INFO: common: created directory at: artifacts/prepare_base_model]
[2024-08-17 23:20:06,948: WARNING: saving_utils: Compiled the loaded model, but the compiled metrics have yet to be built. `model.compile_metrics` will be empty until you train or evaluate the model.]
[2024-08-17 23:20:07,048: INFO: main: >>>>>> stage Prepare base model completed <<<<<<

x==========x]
